2026-04-27 15:13:53,418 | NEW SESSION | id=cfdea524-bc8c-46f9-bf63-719e5877915c | ip=unknown
2026-04-27 15:14:30,287 | NEW SESSION | id=9c88c1f4-4880-44e1-98f9-123ab78d6124 | ip=unknown
2026-04-27 15:18:29,784 | NEW SESSION | id=1a7ad9c0-ee52-4bdd-9db3-cd2f976200e0 | ip=unknown
2026-04-27 15:18:35,175 | NAVIGATION | session=1a7ad9c0-ee52-4bdd-9db3-cd2f976200e0 | ip=unknown | page= Inicio
2026-04-27 15:19:36,877 | NAVIGATION | session=1a7ad9c0-ee52-4bdd-9db3-cd2f976200e0 | ip=unknown | page= Buscar
2026-04-27 15:19:40,476 | NAVIGATION | session=1a7ad9c0-ee52-4bdd-9db3-cd2f976200e0 | ip=unknown | page= Nueva Queja
2026-04-27 15:19:42,387 | NAVIGATION | session=1a7ad9c0-ee52-4bdd-9db3-cd2f976200e0 | ip=unknown | page= Modificar Estatus
2026-04-27 15:19:43,927 | NAVIGATION | session=1a7ad9c0-ee52-4bdd-9db3-cd2f976200e0 | ip=unknown | page= Reportes
2026-04-27 15:19:45,752 | NAVIGATION | session=1a7ad9c0-ee52-4bdd-9db3-cd2f976200e0 | ip=unknown | page= Inicio
2026-04-27 15:19:58,172 | NEW SESSION | id=6661dc94-9743-4c73-b19d-787442901e58 | ip=unknown
2026-04-27 15:19:58,222 | NAVIGATION | session=6661dc94-9743-4c73-b19d-787442901e58 | ip=unknown | page= Inicio
2026-04-27 15:20:04,517 | NAVIGATION | session=6661dc94-9743-4c73-b19d-787442901e58 | ip=unknown | page= Buscar
2026-04-27 15:22:25,954 | NEW SESSION | id=9ca51f03-208a-4bbc-bd9e-adff02051b95 | ip=172.17.3.34
2026-04-27 15:22:31,102 | NAVIGATION | session=9ca51f03-208a-4bbc-bd9e-adff02051b95 | ip=172.17.3.34 | page= Inicio
2026-04-27 15:25:56,646 | NEW SESSION | id=89a693d8-5c50-4e99-82e5-b5e8666dbeee | ip=172.17.3.34
2026-04-27 15:25:56,684 | NAVIGATION | session=89a693d8-5c50-4e99-82e5-b5e8666dbeee | ip=172.17.3.34 | page= Inicio
2026-04-27 15:26:35,296 | NAVIGATION | session=89a693d8-5c50-4e99-82e5-b5e8666dbeee | ip=172.17.3.34 | page= Buscar
2026-04-27 15:27:00,062 | NEW SESSION | id=00924f98-9178-4a32-a03c-801f047816b5 | ip=172.17.3.34
2026-04-27 15:27:00,120 | NAVIGATION | session=00924f98-9178-4a32-a03c-801f047816b5 | ip=172.17.3.34 | page= Inicio
2026-04-27 15:31:01,436 | NEW SESSION | id=5b5d2c0f-f88b-4c9b-b74a-22f8524d2a14 | ip=None
2026-04-27 15:31:05,739 | NAVIGATION | session=5b5d2c0f-f88b-4c9b-b74a-22f8524d2a14 | ip=None | page= Inicio
2026-04-27 15:32:07,079 | NEW SESSION | id=6014e915-6d0e-4056-a0af-6dff94b34afd | ip=None
2026-04-27 15:32:07,116 | NAVIGATION | session=6014e915-6d0e-4056-a0af-6dff94b34afd | ip=None | page= Inicio
2026-04-27 15:33:28,998 | NAVIGATION | session=5b5d2c0f-f88b-4c9b-b74a-22f8524d2a14 | ip=None | page= Buscar
2026-04-27 15:33:36,856 | NAVIGATION | session=5b5d2c0f-f88b-4c9b-b74a-22f8524d2a14 | ip=None | page= Nueva Queja
2026-04-27 16:01:44,383 | NEW SESSION | id=62a12f79-03db-490c-8d50-98e7eaac999d | ip=None
2026-04-27 16:01:44,460 | NAVIGATION | session=62a12f79-03db-490c-8d50-98e7eaac999d | ip=None | page= Inicio
2026-04-27 16:01:52,767 | NAVIGATION | session=62a12f79-03db-490c-8d50-98e7eaac999d | ip=None | page= Buscar
2026-04-27 16:02:00,693 | NAVIGATION | session=62a12f79-03db-490c-8d50-98e7eaac999d | ip=None | page= Nueva Queja
2026-04-27 16:07:54,029 | NEW SESSION | id=24e97911-a56d-4233-bc8d-533e8f0042c0 | ip=None
2026-04-27 16:07:59,119 | NAVIGATION | session=24e97911-a56d-4233-bc8d-533e8f0042c0 | ip=None | page= Inicio
2026-04-27 16:08:02,742 | NAVIGATION | session=24e97911-a56d-4233-bc8d-533e8f0042c0 | ip=None | page= Buscar
2026-04-27 16:08:10,502 | NAVIGATION | session=24e97911-a56d-4233-bc8d-533e8f0042c0 | ip=None | page= Nueva Queja
2026-04-27 16:10:17,732 | NEW SESSION | id=6e2eb537-485d-435b-aa3e-2d4f9f1227da | ip=None
2026-04-27 16:10:22,925 | NAVIGATION | session=6e2eb537-485d-435b-aa3e-2d4f9f1227da | ip=None | page= Inicio
2026-04-27 16:10:25,937 | NAVIGATION | session=6e2eb537-485d-435b-aa3e-2d4f9f1227da | ip=None | page= Buscar
2026-04-27 16:10:42,134 | NAVIGATION | session=6e2eb537-485d-435b-aa3e-2d4f9f1227da | ip=None | page= Nueva Queja
2026-04-28 10:07:59,183 | NEW SESSION | id=f5d98b17-3753-419c-815a-8d1c0e4c692c | ip=None
2026-04-28 10:08:04,356 | NAVIGATION | session=f5d98b17-3753-419c-815a-8d1c0e4c692c | ip=None | page= Inicio
2026-04-28 10:09:59,764 | NAVIGATION | session=f5d98b17-3753-419c-815a-8d1c0e4c692c | ip=None | page= Buscar
2026-04-28 10:10:08,856 | NAVIGATION | session=f5d98b17-3753-419c-815a-8d1c0e4c692c | ip=None | page= Nueva Queja
2026-04-28 10:24:49,970 | NEW SESSION | id=9f8f3f54-b2af-4bdb-b833-a3021fec9cd5 | ip=None
2026-04-28 10:24:54,140 | NAVIGATION | session=9f8f3f54-b2af-4bdb-b833-a3021fec9cd5 | ip=None | page= Inicio
2026-04-28 10:24:58,140 | NAVIGATION | session=9f8f3f54-b2af-4bdb-b833-a3021fec9cd5 | ip=None | page= Buscar
2026-04-28 10:25:06,521 | NAVIGATION | session=9f8f3f54-b2af-4bdb-b833-a3021fec9cd5 | ip=None | page= Nueva Queja
2026-04-28 10:25:59,684 | NEW SESSION | id=148081d8-7413-4c46-b476-0227a74c6073 | ip=None
2026-04-28 10:26:03,880 | NAVIGATION | session=148081d8-7413-4c46-b476-0227a74c6073 | ip=None | page= Inicio
2026-04-28 10:37:31,197 | NAVIGATION | session=148081d8-7413-4c46-b476-0227a74c6073 | ip=None | page= Buscar
2026-04-28 10:37:40,696 | NAVIGATION | session=148081d8-7413-4c46-b476-0227a74c6073 | ip=None | page= Nueva Queja
2026-04-28 10:38:29,158 | NEW SESSION | id=be6b1528-eb78-4f62-bbd8-b2688ead1c9f | ip=None
2026-04-28 10:38:33,373 | NAVIGATION | session=be6b1528-eb78-4f62-bbd8-b2688ead1c9f | ip=None | page= Inicio
2026-04-28 10:39:32,824 | NAVIGATION | session=be6b1528-eb78-4f62-bbd8-b2688ead1c9f | ip=None | page= Nueva Recomendacin
2026-04-28 10:51:17,911 | NEW SESSION | id=d20fa915-60b8-4ca1-a75c-af2516d552ed | ip=None
2026-04-28 10:51:22,105 | NAVIGATION | session=d20fa915-60b8-4ca1-a75c-af2516d552ed | ip=None | page= Inicio
2026-04-28 10:52:04,037 | NAVIGATION | session=d20fa915-60b8-4ca1-a75c-af2516d552ed | ip=None | page= Nueva No Recomendacin
2026-04-28 10:52:36,020 | NEW SESSION | id=d82a7f01-ce9b-4a18-a3d1-d437166e81f9 | ip=None
2026-04-28 10:52:40,189 | NAVIGATION | session=d82a7f01-ce9b-4a18-a3d1-d437166e81f9 | ip=None | page= Inicio
2026-04-28 10:52:52,069 | NAVIGATION | session=d82a7f01-ce9b-4a18-a3d1-d437166e81f9 | ip=None | page= Modificar Estatus
2026-04-28 10:54:15,012 | NEW SESSION | id=973528ad-ba2d-4394-b2b1-d3a1879de897 | ip=None
2026-04-28 10:54:15,090 | NAVIGATION | session=973528ad-ba2d-4394-b2b1-d3a1879de897 | ip=None | page= Inicio
2026-04-28 10:54:18,348 | NAVIGATION | session=973528ad-ba2d-4394-b2b1-d3a1879de897 | ip=None | page= Modificar Estatus
2026-04-28 10:54:41,926 | NEW SESSION | id=255a3572-969a-47eb-993d-b880a13fb0c8 | ip=None
2026-04-28 10:54:42,003 | NAVIGATION | session=255a3572-969a-47eb-993d-b880a13fb0c8 | ip=None | page= Inicio
2026-04-28 10:54:45,210 | NAVIGATION | session=255a3572-969a-47eb-993d-b880a13fb0c8 | ip=None | page= Modificar Estatus
2026-04-28 10:59:37,076 | NEW SESSION | id=8aa91d02-f952-4f58-bfc7-fe867dd268f2 | ip=None
2026-04-28 10:59:37,141 | NAVIGATION | session=8aa91d02-f952-4f58-bfc7-fe867dd268f2 | ip=None | page= Inicio
2026-04-28 10:59:40,412 | NAVIGATION | session=8aa91d02-f952-4f58-bfc7-fe867dd268f2 | ip=None | page= Modificar Estatus
2026-04-28 11:03:25,816 | NAVIGATION | session=8aa91d02-f952-4f58-bfc7-fe867dd268f2 | ip=None | page= Reportes
2026-04-28 11:08:26,185 | NEW SESSION | id=86b484a3-622e-42c7-afda-b5975809a11f | ip=None
2026-04-28 11:08:26,252 | NAVIGATION | session=86b484a3-622e-42c7-afda-b5975809a11f | ip=None | page= Inicio
2026-04-28 11:08:33,378 | NAVIGATION | session=86b484a3-622e-42c7-afda-b5975809a11f | ip=None | page= Reportes
2026-04-28 11:16:44,799 | NEW SESSION | id=7a58f543-3326-48f4-8aa3-e690790ca800 | ip=None
2026-04-28 11:16:44,872 | NAVIGATION | session=7a58f543-3326-48f4-8aa3-e690790ca800 | ip=None | page= Inicio
2026-04-28 11:16:48,325 | NAVIGATION | session=7a58f543-3326-48f4-8aa3-e690790ca800 | ip=None | page= Reportes
2026-04-28 11:17:23,357 | NAVIGATION | session=7a58f543-3326-48f4-8aa3-e690790ca800 | ip=None | page= Inicio
2026-04-28 11:17:26,139 | NAVIGATION | session=7a58f543-3326-48f4-8aa3-e690790ca800 | ip=None | page= Buscar
2026-04-28 11:17:54,143 | NAVIGATION | session=7a58f543-3326-48f4-8aa3-e690790ca800 | ip=None | page= Nueva Queja
2026-04-28 11:17:58,075 | NEW SESSION | id=a732fec3-b919-4b96-9ed6-82282f848120 | ip=None
2026-04-28 11:17:58,129 | NAVIGATION | session=a732fec3-b919-4b96-9ed6-82282f848120 | ip=None | page= Inicio
2026-04-28 11:19:26,599 | NAVIGATION | session=a732fec3-b919-4b96-9ed6-82282f848120 | ip=None | page= Reportes
2026-04-28 11:19:30,517 | NAVIGATION | session=a732fec3-b919-4b96-9ed6-82282f848120 | ip=None | page= Modificar Estatus
2026-04-28 11:19:34,745 | NAVIGATION | session=a732fec3-b919-4b96-9ed6-82282f848120 | ip=None | page= Reportes
2026-04-28 11:20:44,593 | NEW SESSION | id=ec3125de-60db-4586-90bc-35c27a9a9b78 | ip=None
2026-04-28 11:20:48,842 | NAVIGATION | session=ec3125de-60db-4586-90bc-35c27a9a9b78 | ip=None | page= Inicio
2026-04-28 11:20:52,389 | NAVIGATION | session=ec3125de-60db-4586-90bc-35c27a9a9b78 | ip=None | page= Reportes
2026-04-28 11:22:51,935 | NEW SESSION | id=fa9abe43-fa89-43e6-a175-56c7d998c1d3 | ip=None
2026-04-28 11:22:52,031 | NAVIGATION | session=fa9abe43-fa89-43e6-a175-56c7d998c1d3 | ip=None | page= Inicio
2026-04-28 11:22:55,553 | NAVIGATION | session=fa9abe43-fa89-43e6-a175-56c7d998c1d3 | ip=None | page= Reportes
2026-04-28 11:26:14,997 | NEW SESSION | id=f0d20b36-9d5c-4cad-9690-d6b2c8fc5f32 | ip=None
2026-04-28 11:26:19,219 | NAVIGATION | session=f0d20b36-9d5c-4cad-9690-d6b2c8fc5f32 | ip=None | page= Inicio
2026-04-28 11:26:22,709 | NAVIGATION | session=f0d20b36-9d5c-4cad-9690-d6b2c8fc5f32 | ip=None | page= Reportes
2026-04-28 11:29:12,247 | NEW SESSION | id=82b03424-a9dd-48a5-8de0-d2b51dc253f5 | ip=None
2026-04-28 11:29:12,308 | NAVIGATION | session=82b03424-a9dd-48a5-8de0-d2b51dc253f5 | ip=None | page= Inicio
2026-04-28 11:29:15,747 | NAVIGATION | session=82b03424-a9dd-48a5-8de0-d2b51dc253f5 | ip=None | page= Buscar
2026-04-28 11:29:22,507 | NAVIGATION | session=82b03424-a9dd-48a5-8de0-d2b51dc253f5 | ip=None | page= Reportes
2026-04-28 11:30:30,955 | NEW SESSION | id=29d130a8-2acb-4f90-bfd1-257cd0139b42 | ip=None
2026-04-28 11:30:31,041 | NAVIGATION | session=29d130a8-2acb-4f90-bfd1-257cd0139b42 | ip=None | page= Inicio
2026-04-28 11:30:34,609 | NAVIGATION | session=29d130a8-2acb-4f90-bfd1-257cd0139b42 | ip=None | page= Buscar
2026-04-28 11:30:43,512 | NAVIGATION | session=29d130a8-2acb-4f90-bfd1-257cd0139b42 | ip=None | page= Reportes
2026-04-28 11:32:10,431 | NEW SESSION | id=743a3315-7011-4546-9838-fd82aeacba70 | ip=None
2026-04-28 11:32:10,510 | NAVIGATION | session=743a3315-7011-4546-9838-fd82aeacba70 | ip=None | page= Inicio
2026-04-28 11:47:43,153 | NAVIGATION | session=743a3315-7011-4546-9838-fd82aeacba70 | ip=None | page= Reportes
2026-04-28 12:19:55,418 | NEW SESSION | id=6638916c-b7a7-4053-9f84-05cd51a81be9 | ip=None
2026-04-28 12:19:59,617 | NAVIGATION | session=6638916c-b7a7-4053-9f84-05cd51a81be9 | ip=None | page= Inicio
